<?xml version="1.0" encoding="UTF-8" standalone="no"?>
<testsuite failures="1" name="cucumber.runtime.formatter.JUnitFormatter" skipped="0" tests="1" time="23.041918">
<testcase classname="Heartsapp E2E test" name="Signin and subcribe" time="23.041918">
<failure message="java.lang.AssertionError: Application is not open&#10;&#9;at org.testng.AssertJUnit.fail(AssertJUnit.java:59)&#10;&#9;at org.testng.AssertJUnit.assertTrue(AssertJUnit.java:24)&#10;&#9;at steps.LoginPageSteps.userOpensCalc(LoginPageSteps.java:15)&#10;&#9;at ✽.user open heartsapp(src/test/java/resources/Features/Demo.feature:4)&#10;"><![CDATA[Given user open heartsapp...................................................failed
When user clicks on signin..................................................skipped
And user clicks on accept policy............................................skipped
And user clicks on Email....................................................skipped
And user enters email abhyasi.2@mailinator.com..............................skipped
And user enters password abhyasi............................................skipped
And user clicks submit......................................................skipped
Then text displayed should be Meditate......................................skipped
When user clicks on profile image...........................................skipped
And user clicks on subscription.............................................skipped
And user clicks on upgrade..................................................skipped
And user clicks on proceed..................................................skipped
And user clicks on credit card..............................................skipped
And user submits credit card details........................................skipped
And user submits credit card password.......................................skipped
Then payment confirmation text displayed should be Payment Successful!!.....skipped

StackTrace:
java.lang.AssertionError: Application is not open
	at org.testng.AssertJUnit.fail(AssertJUnit.java:59)
	at org.testng.AssertJUnit.assertTrue(AssertJUnit.java:24)
	at steps.LoginPageSteps.userOpensCalc(LoginPageSteps.java:15)
	at ✽.user open heartsapp(src/test/java/resources/Features/Demo.feature:4)
]]></failure>
</testcase>
</testsuite>
