<?xml version="1.0" encoding="UTF-8"?>
<!-- Generated by org.testng.reporters.JUnitReportReporter -->
<testsuite skipped="0" hostname="Vishnus-MacBook-Pro.local" name="AppTest.com.vishnu.app.BaseTest1" tests="1" failures="0" timestamp="08 Jan 2019 07:09:16 GMT" time="56.572" errors="1">
  <testcase name="abhyasiStart" time="56.572" classname="AppTest.com.vishnu.app.BaseTest1">
    <error type="org.openqa.selenium.TimeoutException" message="Timed out after 50 seconds waiting for element to be clickable: By.id: com.hfn.unified:id/btn_hfn_signin
Build info: version: &#039;2.53.1&#039;, revision: &#039;a36b8b1cd5757287168e54b817830adce9b0158d&#039;, time: &#039;2016-06-30 19:26:09&#039;
System info: host: &#039;Vishnus-MacBook-Pro.local&#039;, ip: &#039;192.168.1.4&#039;, os.name: &#039;Mac OS X&#039;, os.arch: &#039;x86_64&#039;, os.version: &#039;10.13.6&#039;, java.version: &#039;1.8.0_191&#039;
Driver info: io.appium.java_client.android.AndroidDriver
Capabilities [{app=/Users/vishnu/Downloads/hfn-app-0.9.29-release.apk, appPackage=com.hfn.unified, deviceScreenSize=600x1024, networkConnectionEnabled=true, warnings={}, databaseEnabled=false, deviceName=0123456789ABCDEF, platform=LINUX, deviceUDID=0123456789ABCDEF, appActivity=com.hfn.unified.view.splash.SplashActivity, desired={app=/Users/vishnu/Downloads/hfn-app-0.9.29-release.apk, appPackage=com.hfn.unified, appActivity=com.hfn.unified.view.splash.SplashActivity, automationName=uiautomator, udid=0123456789ABCDEF, platformName=Android, deviceName=Lenovo}, platformVersion=4.4.2, webStorageEnabled=false, locationContextEnabled=false, automationName=uiautomator, takesScreenshot=true, javascriptEnabled=true, deviceModel=Tab2A7-10F, udid=0123456789ABCDEF, platformName=Android, deviceManufacturer=Lenovo}]
Session ID: 654500d2-7287-4362-8a70-47e1827bd420">
      <![CDATA[org.openqa.selenium.TimeoutException: Timed out after 50 seconds waiting for element to be clickable: By.id: com.hfn.unified:id/btn_hfn_signin
Build info: version: '2.53.1', revision: 'a36b8b1cd5757287168e54b817830adce9b0158d', time: '2016-06-30 19:26:09'
System info: host: 'Vishnus-MacBook-Pro.local', ip: '192.168.1.4', os.name: 'Mac OS X', os.arch: 'x86_64', os.version: '10.13.6', java.version: '1.8.0_191'
Driver info: io.appium.java_client.android.AndroidDriver
Capabilities [{app=/Users/vishnu/Downloads/hfn-app-0.9.29-release.apk, appPackage=com.hfn.unified, deviceScreenSize=600x1024, networkConnectionEnabled=true, warnings={}, databaseEnabled=false, deviceName=0123456789ABCDEF, platform=LINUX, deviceUDID=0123456789ABCDEF, appActivity=com.hfn.unified.view.splash.SplashActivity, desired={app=/Users/vishnu/Downloads/hfn-app-0.9.29-release.apk, appPackage=com.hfn.unified, appActivity=com.hfn.unified.view.splash.SplashActivity, automationName=uiautomator, udid=0123456789ABCDEF, platformName=Android, deviceName=Lenovo}, platformVersion=4.4.2, webStorageEnabled=false, locationContextEnabled=false, automationName=uiautomator, takesScreenshot=true, javascriptEnabled=true, deviceModel=Tab2A7-10F, udid=0123456789ABCDEF, platformName=Android, deviceManufacturer=Lenovo}]
Session ID: 654500d2-7287-4362-8a70-47e1827bd420
at org.openqa.selenium.support.ui.WebDriverWait.timeoutException(WebDriverWait.java:80)
at org.openqa.selenium.support.ui.FluentWait.until(FluentWait.java:261)
at AppTest.com.vishnu.app.BaseTest1.click(BaseTest1.java:256)
at AppTest.com.vishnu.app.BaseTest1.abhyasiStart(BaseTest1.java:64)
at sun.reflect.NativeMethodAccessorImpl.invoke0(Native Method)
at sun.reflect.NativeMethodAccessorImpl.invoke(NativeMethodAccessorImpl.java:62)
at sun.reflect.DelegatingMethodAccessorImpl.invoke(DelegatingMethodAccessorImpl.java:43)
at java.lang.reflect.Method.invoke(Method.java:498)
at org.testng.internal.MethodInvocationHelper.invokeMethod(MethodInvocationHelper.java:124)
at org.testng.internal.Invoker.invokeMethod(Invoker.java:580)
at org.testng.internal.Invoker.invokeTestMethod(Invoker.java:716)
at org.testng.internal.Invoker.invokeTestMethods(Invoker.java:988)
at org.testng.internal.TestMethodWorker.invokeTestMethods(TestMethodWorker.java:125)
at org.testng.internal.TestMethodWorker.run(TestMethodWorker.java:109)
at java.util.concurrent.ThreadPoolExecutor.runWorker(ThreadPoolExecutor.java:1149)
at java.util.concurrent.ThreadPoolExecutor$Worker.run(ThreadPoolExecutor.java:624)
at java.lang.Thread.run(Thread.java:748)
Caused by: org.openqa.selenium.NoSuchElementException: An element could not be located on the page using the given search parameters. (WARNING: The server did not provide any stacktrace information)
Command duration or timeout: 37 milliseconds
For documentation on this error, please visit: http://seleniumhq.org/exceptions/no_such_element.html
Build info: version: '2.53.1', revision: 'a36b8b1cd5757287168e54b817830adce9b0158d', time: '2016-06-30 19:26:09'
System info: host: 'Vishnus-MacBook-Pro.local', ip: '192.168.1.4', os.name: 'Mac OS X', os.arch: 'x86_64', os.version: '10.13.6', java.version: '1.8.0_191'
Driver info: io.appium.java_client.android.AndroidDriver
Capabilities [{app=/Users/vishnu/Downloads/hfn-app-0.9.29-release.apk, appPackage=com.hfn.unified, deviceScreenSize=600x1024, networkConnectionEnabled=true, warnings={}, databaseEnabled=false, deviceName=0123456789ABCDEF, platform=LINUX, deviceUDID=0123456789ABCDEF, appActivity=com.hfn.unified.view.splash.SplashActivity, desired={app=/Users/vishnu/Downloads/hfn-app-0.9.29-release.apk, appPackage=com.hfn.unified, appActivity=com.hfn.unified.view.splash.SplashActivity, automationName=uiautomator, udid=0123456789ABCDEF, platformName=Android, deviceName=Lenovo}, platformVersion=4.4.2, webStorageEnabled=false, locationContextEnabled=false, automationName=uiautomator, takesScreenshot=true, javascriptEnabled=true, deviceModel=Tab2A7-10F, udid=0123456789ABCDEF, platformName=Android, deviceManufacturer=Lenovo}]
Session ID: 654500d2-7287-4362-8a70-47e1827bd420
*** Element info: {Using=id, value=com.hfn.unified:id/btn_hfn_signin}
at sun.reflect.GeneratedConstructorAccessor13.newInstance(Unknown Source)
at sun.reflect.DelegatingConstructorAccessorImpl.newInstance(DelegatingConstructorAccessorImpl.java:45)
at java.lang.reflect.Constructor.newInstance(Constructor.java:423)
at org.openqa.selenium.remote.ErrorHandler.createThrowable(ErrorHandler.java:206)
at org.openqa.selenium.remote.ErrorHandler.throwIfResponseFailed(ErrorHandler.java:158)
at org.openqa.selenium.remote.RemoteWebDriver.execute(RemoteWebDriver.java:678)
at io.appium.java_client.DefaultGenericMobileDriver.execute(DefaultGenericMobileDriver.java:40)
at io.appium.java_client.AppiumDriver.execute(AppiumDriver.java:1)
at io.appium.java_client.android.AndroidDriver.execute(AndroidDriver.java:1)
at org.openqa.selenium.remote.RemoteWebDriver.findElement(RemoteWebDriver.java:363)
at io.appium.java_client.DefaultGenericMobileDriver.findElement(DefaultGenericMobileDriver.java:56)
at io.appium.java_client.AppiumDriver.findElement(AppiumDriver.java:1)
at io.appium.java_client.android.AndroidDriver.findElement(AndroidDriver.java:1)
at org.openqa.selenium.remote.RemoteWebDriver.findElementById(RemoteWebDriver.java:413)
at io.appium.java_client.DefaultGenericMobileDriver.findElementById(DefaultGenericMobileDriver.java:64)
at io.appium.java_client.AppiumDriver.findElementById(AppiumDriver.java:1)
at io.appium.java_client.android.AndroidDriver.findElementById(AndroidDriver.java:1)
at org.openqa.selenium.By$ById.findElement(By.java:218)
at org.openqa.selenium.remote.RemoteWebDriver.findElement(RemoteWebDriver.java:355)
at io.appium.java_client.DefaultGenericMobileDriver.findElement(DefaultGenericMobileDriver.java:52)
at io.appium.java_client.AppiumDriver.findElement(AppiumDriver.java:1)
at io.appium.java_client.android.AndroidDriver.findElement(AndroidDriver.java:1)
at org.openqa.selenium.support.ui.ExpectedConditions.findElement(ExpectedConditions.java:899)
at org.openqa.selenium.support.ui.ExpectedConditions.access$000(ExpectedConditions.java:41)
at org.openqa.selenium.support.ui.ExpectedConditions$7.apply(ExpectedConditions.java:205)
at org.openqa.selenium.support.ui.ExpectedConditions$7.apply(ExpectedConditions.java:201)
at org.openqa.selenium.support.ui.ExpectedConditions$22.apply(ExpectedConditions.java:653)
at org.openqa.selenium.support.ui.ExpectedConditions$22.apply(ExpectedConditions.java:646)
at org.openqa.selenium.support.ui.FluentWait.until(FluentWait.java:238)
... 15 more
]]>
    </error>
  </testcase> <!-- abhyasiStart -->
</testsuite> <!-- AppTest.com.vishnu.app.BaseTest1 -->
